2019-dic-26 11:04:23 AM [Test worker] INFO  org.springframework.boot.test.context.SpringBootTestContextBootstrapper - Neither @ContextConfiguration nor @ContextHierarchy found for test class [mx.uaemex.fi.acervooracle.AcervoOracleApplicationTests], using SpringBootContextLoader
2019-dic-26 11:04:44 AM [kafka-producer-network-thread | producer-1] WARN  org.apache.kafka.clients.NetworkClient - [Producer clientId=producer-1] Connection to node -1 could not be established. Broker may not be available.
2019-dic-26 15:24:00 PM [restartedMain] INFO  org.apache.kafka.clients.producer.ProducerConfig - ProducerConfig values: 
	acks = 1
	batch.size = 16384
	bootstrap.servers = [b-2.izzi-microservices-dev.vial6h.c6.kafka.us-east-1.amazonaws.com:9092]
	buffer.memory = 33554432
	client.id = 
	compression.type = none
	connections.max.idle.ms = 540000
	enable.idempotence = false
	interceptor.classes = null
	key.serializer = class org.apache.kafka.common.serialization.StringSerializer
	linger.ms = 0
	max.block.ms = 60000
	max.in.flight.requests.per.connection = 5
	max.request.size = 1048576
	metadata.max.age.ms = 300000
	metric.reporters = []
	metrics.num.samples = 2
	metrics.recording.level = INFO
	metrics.sample.window.ms = 30000
	partitioner.class = class org.apache.kafka.clients.producer.internals.DefaultPartitioner
	receive.buffer.bytes = 32768
	reconnect.backoff.max.ms = 1000
	reconnect.backoff.ms = 50
	request.timeout.ms = 30000
	retries = 0
	retry.backoff.ms = 100
	sasl.jaas.config = null
	sasl.kerberos.kinit.cmd = /usr/bin/kinit
	sasl.kerberos.min.time.before.relogin = 60000
	sasl.kerberos.service.name = null
	sasl.kerberos.ticket.renew.jitter = 0.05
	sasl.kerberos.ticket.renew.window.factor = 0.8
	sasl.mechanism = GSSAPI
	security.protocol = PLAINTEXT
	send.buffer.bytes = 131072
	ssl.cipher.suites = null
	ssl.enabled.protocols = [TLSv1.2, TLSv1.1, TLSv1]
	ssl.endpoint.identification.algorithm = null
	ssl.key.password = null
	ssl.keymanager.algorithm = SunX509
	ssl.keystore.location = null
	ssl.keystore.password = null
	ssl.keystore.type = JKS
	ssl.protocol = TLS
	ssl.provider = null
	ssl.secure.random.implementation = null
	ssl.trustmanager.algorithm = PKIX
	ssl.truststore.location = null
	ssl.truststore.password = null
	ssl.truststore.type = JKS
	transaction.timeout.ms = 60000
	transactional.id = null
	value.serializer = class org.apache.kafka.common.serialization.StringSerializer

2019-dic-26 15:24:00 PM [restartedMain] WARN  org.apache.kafka.clients.ClientUtils - Removing server b-2.izzi-microservices-dev.vial6h.c6.kafka.us-east-1.amazonaws.com:9092 from bootstrap.servers as DNS resolution failed for b-2.izzi-microservices-dev.vial6h.c6.kafka.us-east-1.amazonaws.com
2019-dic-26 15:24:00 PM [restartedMain] INFO  org.apache.kafka.clients.producer.KafkaProducer - [Producer clientId=producer-2] Closing the Kafka producer with timeoutMillis = 0 ms.
2019-dic-26 15:24:00 PM [restartedMain] INFO  mx.uaemex.fi.acervooracle.AcervoOracleApplication - Starting AcervoOracleApplication on LAPTOP-FU426H7I with PID 22344 (C:\Users\Vass\Documents\IZZI\acervo-oracle-master\bin\main started by Vass in C:\Users\Vass\Documents\IZZI\acervo-oracle-master)
2019-dic-26 15:24:00 PM [restartedMain] INFO  mx.uaemex.fi.acervooracle.AcervoOracleApplication - No active profile set, falling back to default profiles: default
2019-dic-26 15:24:00 PM [restartedMain] INFO  org.springframework.boot.web.servlet.context.AnnotationConfigServletWebServerApplicationContext - Refreshing org.springframework.boot.web.servlet.context.AnnotationConfigServletWebServerApplicationContext@527eed13: startup date [Thu Dec 26 15:24:00 CST 2019]; root of context hierarchy
2019-dic-26 15:24:01 PM [restartedMain] INFO  org.springframework.boot.web.embedded.tomcat.TomcatWebServer - Tomcat initialized with port(s): 8199 (http)
2019-dic-26 15:24:01 PM [localhost-startStop-1] INFO  org.springframework.web.context.ContextLoader - Root WebApplicationContext: initialization completed in 964 ms
2019-dic-26 15:24:01 PM [localhost-startStop-1] INFO  org.springframework.boot.web.servlet.ServletRegistrationBean - Servlet dispatcherServlet mapped to [/]
2019-dic-26 15:24:01 PM [localhost-startStop-1] INFO  org.springframework.boot.web.servlet.FilterRegistrationBean - Mapping filter: 'characterEncodingFilter' to: [/*]
2019-dic-26 15:24:01 PM [localhost-startStop-1] INFO  org.springframework.boot.web.servlet.FilterRegistrationBean - Mapping filter: 'hiddenHttpMethodFilter' to: [/*]
2019-dic-26 15:24:01 PM [localhost-startStop-1] INFO  org.springframework.boot.web.servlet.FilterRegistrationBean - Mapping filter: 'httpPutFormContentFilter' to: [/*]
2019-dic-26 15:24:01 PM [localhost-startStop-1] INFO  org.springframework.boot.web.servlet.FilterRegistrationBean - Mapping filter: 'requestContextFilter' to: [/*]
2019-dic-26 15:24:01 PM [restartedMain] INFO  org.springframework.web.servlet.handler.SimpleUrlHandlerMapping - Mapped URL path [/**/favicon.ico] onto handler of type [class org.springframework.web.servlet.resource.ResourceHttpRequestHandler]
2019-dic-26 15:24:01 PM [restartedMain] INFO  org.springframework.web.servlet.mvc.method.annotation.RequestMappingHandlerAdapter - Looking for @ControllerAdvice: org.springframework.boot.web.servlet.context.AnnotationConfigServletWebServerApplicationContext@527eed13: startup date [Thu Dec 26 15:24:00 CST 2019]; root of context hierarchy
2019-dic-26 15:24:02 PM [restartedMain] INFO  org.springframework.web.servlet.mvc.method.annotation.RequestMappingHandlerMapping - Mapped "{[/api/tokens/{account}],methods=[GET]}" onto public mx.uaemex.fi.acervooracle.modelo.Asesor mx.uaemex.fi.acervooracle.controlador.AsesorControlador.getTokens(java.lang.String,java.lang.String)
2019-dic-26 15:24:02 PM [restartedMain] INFO  org.springframework.web.servlet.mvc.method.annotation.RequestMappingHandlerMapping - Mapped "{[/error]}" onto public org.springframework.http.ResponseEntity<java.util.Map<java.lang.String, java.lang.Object>> org.springframework.boot.autoconfigure.web.servlet.error.BasicErrorController.error(javax.servlet.http.HttpServletRequest)
2019-dic-26 15:24:02 PM [restartedMain] INFO  org.springframework.web.servlet.mvc.method.annotation.RequestMappingHandlerMapping - Mapped "{[/error],produces=[text/html]}" onto public org.springframework.web.servlet.ModelAndView org.springframework.boot.autoconfigure.web.servlet.error.BasicErrorController.errorHtml(javax.servlet.http.HttpServletRequest,javax.servlet.http.HttpServletResponse)
2019-dic-26 15:24:02 PM [restartedMain] INFO  org.springframework.web.servlet.handler.SimpleUrlHandlerMapping - Mapped URL path [/webjars/**] onto handler of type [class org.springframework.web.servlet.resource.ResourceHttpRequestHandler]
2019-dic-26 15:24:02 PM [restartedMain] INFO  org.springframework.web.servlet.handler.SimpleUrlHandlerMapping - Mapped URL path [/**] onto handler of type [class org.springframework.web.servlet.resource.ResourceHttpRequestHandler]
2019-dic-26 15:24:02 PM [restartedMain] INFO  org.springframework.boot.devtools.autoconfigure.OptionalLiveReloadServer - LiveReload server is running on port 35729
2019-dic-26 15:24:02 PM [restartedMain] INFO  org.springframework.jmx.export.annotation.AnnotationMBeanExporter - Registering beans for JMX exposure on startup
2019-dic-26 15:24:02 PM [restartedMain] INFO  org.springframework.boot.web.embedded.tomcat.TomcatWebServer - Tomcat started on port(s): 8199 (http) with context path ''
2019-dic-26 15:24:02 PM [restartedMain] INFO  mx.uaemex.fi.acervooracle.AcervoOracleApplication - Started AcervoOracleApplication in 1.956 seconds (JVM running for 14.085)
2019-dic-26 15:24:04 PM [http-nio-8199-exec-2] INFO  org.springframework.web.servlet.DispatcherServlet - FrameworkServlet 'dispatcherServlet': initialization started
2019-dic-26 15:24:04 PM [http-nio-8199-exec-2] INFO  org.springframework.web.servlet.DispatcherServlet - FrameworkServlet 'dispatcherServlet': initialization completed in 13 ms
2019-dic-26 15:24:04 PM [http-nio-8199-exec-2] ERROR mx.uaemex.fi.acervooracle.controlador.AsesorControlador - [DefaultErrorHandler:34][payment-management][mx.izzi.ms.paymentmanagement.business.WebPayPlusBusiness][WEB_MC][26646605][500][Su tarjeta fue rechazada, por favor revise sus datos y/o consulte a su banco.][Paso 3.2:([reference = 26646605-20190801175934, platform = MOBILE_MC, channel = IZZI, rpt = 060, ocrm = Dispositivo Movil, msi = None, amount = 689.0], amount=689.0, folio=727776939. Respuesta MIT:denied-14)]
2019-dic-26 15:24:36 PM [Thread-7] INFO  org.springframework.boot.web.servlet.context.AnnotationConfigServletWebServerApplicationContext - Closing org.springframework.boot.web.servlet.context.AnnotationConfigServletWebServerApplicationContext@527eed13: startup date [Thu Dec 26 15:24:00 CST 2019]; root of context hierarchy
2019-dic-26 15:24:36 PM [Thread-7] INFO  org.springframework.jmx.export.annotation.AnnotationMBeanExporter - Unregistering JMX-exposed beans on shutdown
2019-dic-26 15:24:37 PM [restartedMain] INFO  org.apache.kafka.clients.producer.ProducerConfig - ProducerConfig values: 
	acks = 1
	batch.size = 16384
	bootstrap.servers = [b-2.izzi-microservices-dev.vial6h.c6.kafka.us-east-1.amazonaws.com:9092]
	buffer.memory = 33554432
	client.id = 
	compression.type = none
	connections.max.idle.ms = 540000
	enable.idempotence = false
	interceptor.classes = null
	key.serializer = class org.apache.kafka.common.serialization.StringSerializer
	linger.ms = 0
	max.block.ms = 60000
	max.in.flight.requests.per.connection = 5
	max.request.size = 1048576
	metadata.max.age.ms = 300000
	metric.reporters = []
	metrics.num.samples = 2
	metrics.recording.level = INFO
	metrics.sample.window.ms = 30000
	partitioner.class = class org.apache.kafka.clients.producer.internals.DefaultPartitioner
	receive.buffer.bytes = 32768
	reconnect.backoff.max.ms = 1000
	reconnect.backoff.ms = 50
	request.timeout.ms = 30000
	retries = 0
	retry.backoff.ms = 100
	sasl.jaas.config = null
	sasl.kerberos.kinit.cmd = /usr/bin/kinit
	sasl.kerberos.min.time.before.relogin = 60000
	sasl.kerberos.service.name = null
	sasl.kerberos.ticket.renew.jitter = 0.05
	sasl.kerberos.ticket.renew.window.factor = 0.8
	sasl.mechanism = GSSAPI
	security.protocol = PLAINTEXT
	send.buffer.bytes = 131072
	ssl.cipher.suites = null
	ssl.enabled.protocols = [TLSv1.2, TLSv1.1, TLSv1]
	ssl.endpoint.identification.algorithm = null
	ssl.key.password = null
	ssl.keymanager.algorithm = SunX509
	ssl.keystore.location = null
	ssl.keystore.password = null
	ssl.keystore.type = JKS
	ssl.protocol = TLS
	ssl.provider = null
	ssl.secure.random.implementation = null
	ssl.trustmanager.algorithm = PKIX
	ssl.truststore.location = null
	ssl.truststore.password = null
	ssl.truststore.type = JKS
	transaction.timeout.ms = 60000
	transactional.id = null
	value.serializer = class org.apache.kafka.common.serialization.StringSerializer

2019-dic-26 15:24:37 PM [restartedMain] WARN  org.apache.kafka.clients.ClientUtils - Removing server b-2.izzi-microservices-dev.vial6h.c6.kafka.us-east-1.amazonaws.com:9092 from bootstrap.servers as DNS resolution failed for b-2.izzi-microservices-dev.vial6h.c6.kafka.us-east-1.amazonaws.com
2019-dic-26 15:24:37 PM [restartedMain] INFO  org.apache.kafka.clients.producer.KafkaProducer - [Producer clientId=producer-3] Closing the Kafka producer with timeoutMillis = 0 ms.
2019-dic-26 15:24:37 PM [restartedMain] INFO  mx.uaemex.fi.acervooracle.AcervoOracleApplication - Starting AcervoOracleApplication on LAPTOP-FU426H7I with PID 22344 (C:\Users\Vass\Documents\IZZI\acervo-oracle-master\bin\main started by Vass in C:\Users\Vass\Documents\IZZI\acervo-oracle-master)
2019-dic-26 15:24:37 PM [restartedMain] INFO  mx.uaemex.fi.acervooracle.AcervoOracleApplication - No active profile set, falling back to default profiles: default
2019-dic-26 15:24:37 PM [restartedMain] INFO  org.springframework.boot.web.servlet.context.AnnotationConfigServletWebServerApplicationContext - Refreshing org.springframework.boot.web.servlet.context.AnnotationConfigServletWebServerApplicationContext@18f3b13c: startup date [Thu Dec 26 15:24:37 CST 2019]; root of context hierarchy
2019-dic-26 15:24:37 PM [restartedMain] INFO  org.springframework.boot.web.embedded.tomcat.TomcatWebServer - Tomcat initialized with port(s): 8199 (http)
2019-dic-26 15:24:37 PM [localhost-startStop-1] INFO  org.springframework.web.context.ContextLoader - Root WebApplicationContext: initialization completed in 308 ms
2019-dic-26 15:24:37 PM [localhost-startStop-1] INFO  org.springframework.boot.web.servlet.ServletRegistrationBean - Servlet dispatcherServlet mapped to [/]
2019-dic-26 15:24:37 PM [localhost-startStop-1] INFO  org.springframework.boot.web.servlet.FilterRegistrationBean - Mapping filter: 'characterEncodingFilter' to: [/*]
2019-dic-26 15:24:37 PM [localhost-startStop-1] INFO  org.springframework.boot.web.servlet.FilterRegistrationBean - Mapping filter: 'hiddenHttpMethodFilter' to: [/*]
2019-dic-26 15:24:37 PM [localhost-startStop-1] INFO  org.springframework.boot.web.servlet.FilterRegistrationBean - Mapping filter: 'httpPutFormContentFilter' to: [/*]
2019-dic-26 15:24:37 PM [localhost-startStop-1] INFO  org.springframework.boot.web.servlet.FilterRegistrationBean - Mapping filter: 'requestContextFilter' to: [/*]
2019-dic-26 15:24:37 PM [restartedMain] INFO  org.springframework.web.servlet.handler.SimpleUrlHandlerMapping - Mapped URL path [/**/favicon.ico] onto handler of type [class org.springframework.web.servlet.resource.ResourceHttpRequestHandler]
2019-dic-26 15:24:37 PM [restartedMain] INFO  org.springframework.web.servlet.mvc.method.annotation.RequestMappingHandlerAdapter - Looking for @ControllerAdvice: org.springframework.boot.web.servlet.context.AnnotationConfigServletWebServerApplicationContext@18f3b13c: startup date [Thu Dec 26 15:24:37 CST 2019]; root of context hierarchy
2019-dic-26 15:24:37 PM [restartedMain] INFO  org.springframework.web.servlet.mvc.method.annotation.RequestMappingHandlerMapping - Mapped "{[/api/tokens/{account}],methods=[GET]}" onto public mx.uaemex.fi.acervooracle.modelo.Asesor mx.uaemex.fi.acervooracle.controlador.AsesorControlador.getTokens(java.lang.String,java.lang.String)
2019-dic-26 15:24:37 PM [restartedMain] INFO  org.springframework.web.servlet.mvc.method.annotation.RequestMappingHandlerMapping - Mapped "{[/error]}" onto public org.springframework.http.ResponseEntity<java.util.Map<java.lang.String, java.lang.Object>> org.springframework.boot.autoconfigure.web.servlet.error.BasicErrorController.error(javax.servlet.http.HttpServletRequest)
2019-dic-26 15:24:37 PM [restartedMain] INFO  org.springframework.web.servlet.mvc.method.annotation.RequestMappingHandlerMapping - Mapped "{[/error],produces=[text/html]}" onto public org.springframework.web.servlet.ModelAndView org.springframework.boot.autoconfigure.web.servlet.error.BasicErrorController.errorHtml(javax.servlet.http.HttpServletRequest,javax.servlet.http.HttpServletResponse)
2019-dic-26 15:24:37 PM [restartedMain] INFO  org.springframework.web.servlet.handler.SimpleUrlHandlerMapping - Mapped URL path [/webjars/**] onto handler of type [class org.springframework.web.servlet.resource.ResourceHttpRequestHandler]
2019-dic-26 15:24:37 PM [restartedMain] INFO  org.springframework.web.servlet.handler.SimpleUrlHandlerMapping - Mapped URL path [/**] onto handler of type [class org.springframework.web.servlet.resource.ResourceHttpRequestHandler]
2019-dic-26 15:24:37 PM [restartedMain] INFO  org.springframework.boot.devtools.autoconfigure.OptionalLiveReloadServer - LiveReload server is running on port 35729
2019-dic-26 15:24:37 PM [restartedMain] INFO  org.springframework.jmx.export.annotation.AnnotationMBeanExporter - Registering beans for JMX exposure on startup
2019-dic-26 15:24:37 PM [restartedMain] INFO  org.springframework.boot.web.embedded.tomcat.TomcatWebServer - Tomcat started on port(s): 8199 (http) with context path ''
2019-dic-26 15:24:37 PM [restartedMain] INFO  mx.uaemex.fi.acervooracle.AcervoOracleApplication - Started AcervoOracleApplication in 0.476 seconds (JVM running for 49.473)
2019-dic-26 15:24:37 PM [restartedMain] INFO  org.springframework.boot.devtools.autoconfigure.ConditionEvaluationDeltaLoggingListener - Condition evaluation unchanged
2019-dic-26 15:24:40 PM [http-nio-8199-exec-3] INFO  org.springframework.web.servlet.DispatcherServlet - FrameworkServlet 'dispatcherServlet': initialization started
2019-dic-26 15:24:40 PM [http-nio-8199-exec-3] INFO  org.springframework.web.servlet.DispatcherServlet - FrameworkServlet 'dispatcherServlet': initialization completed in 1 ms
2019-dic-26 15:24:40 PM [http-nio-8199-exec-3] ERROR mx.uaemex.fi.acervooracle.controlador.AsesorControlador - [payment-management][mx.izzi.ms.paymentmanagement.business.WebPayPlusBusiness][WEB_MC][26646605][500][Su tarjeta fue rechazada, por favor revise sus datos y/o consulte a su banco.][Paso 3.2:([reference = 26646605-20190801175934, platform = MOBILE_MC, channel = IZZI, rpt = 060, ocrm = Dispositivo Movil, msi = None, amount = 689.0], amount=689.0, folio=727776939. Respuesta MIT:denied-14)]
2019-dic-26 15:24:49 PM [RMI TCP Connection(3)-127.0.0.1] INFO  org.springframework.boot.admin.SpringApplicationAdminMXBeanRegistrar$SpringApplicationAdmin - Application shutdown requested.
2019-dic-26 15:24:49 PM [RMI TCP Connection(3)-127.0.0.1] INFO  org.springframework.boot.web.servlet.context.AnnotationConfigServletWebServerApplicationContext - Closing org.springframework.boot.web.servlet.context.AnnotationConfigServletWebServerApplicationContext@18f3b13c: startup date [Thu Dec 26 15:24:37 CST 2019]; root of context hierarchy
2019-dic-26 15:24:49 PM [RMI TCP Connection(3)-127.0.0.1] INFO  org.springframework.jmx.export.annotation.AnnotationMBeanExporter - Unregistering JMX-exposed beans on shutdown
